2022-12-09 15:35:10 [background-preinit] INFO  o.h.validator.internal.util.Version - HV000001: Hibernate Validator 6.1.5.Final
2022-12-09 15:35:12 [main] INFO  c.m.demo.server.ConfigServer - No active profile set, falling back to default profiles: default
2022-12-09 15:35:13 [main] INFO  o.s.cloud.context.scope.GenericScope - BeanFactory id=c5420960-cb4b-3f01-a040-5d97edee1dd2
2022-12-09 15:35:13 [main] INFO  o.s.b.w.e.tomcat.TomcatWebServer - Tomcat initialized with port(s): 8888 (http)
2022-12-09 15:35:13 [main] INFO  o.a.coyote.http11.Http11NioProtocol - Initializing ProtocolHandler ["http-nio-8888"]
2022-12-09 15:35:13 [main] INFO  o.a.catalina.core.StandardService - Starting service [Tomcat]
2022-12-09 15:35:13 [main] INFO  o.a.catalina.core.StandardEngine - Starting Servlet engine: [Apache Tomcat/9.0.38]
2022-12-09 15:35:13 [main] INFO  o.a.c.c.C.[Tomcat].[localhost].[/] - Initializing Spring embedded WebApplicationContext
2022-12-09 15:35:13 [main] INFO  o.s.b.w.s.c.ServletWebServerApplicationContext - Root WebApplicationContext: initialization completed in 956 ms
2022-12-09 15:35:13 [main] INFO  o.s.s.c.ThreadPoolTaskExecutor - Initializing ExecutorService 'applicationTaskExecutor'
2022-12-09 15:35:15 [main] INFO  o.s.cloud.commons.util.InetUtils - Cannot determine local hostname
2022-12-09 15:35:15 [main] INFO  o.s.b.a.e.web.EndpointLinksResolver - Exposing 2 endpoint(s) beneath base path '/actuator'
2022-12-09 15:35:15 [main] INFO  o.a.coyote.http11.Http11NioProtocol - Starting ProtocolHandler ["http-nio-8888"]
2022-12-09 15:35:15 [main] INFO  o.s.b.w.e.tomcat.TomcatWebServer - Tomcat started on port(s): 8888 (http) with context path ''
2022-12-09 15:35:17 [main] INFO  o.s.cloud.commons.util.InetUtils - Cannot determine local hostname
2022-12-09 15:35:17 [main] INFO  c.m.demo.server.ConfigServer - Started ConfigServer in 8.231 seconds (JVM running for 9.33)
2022-12-09 15:35:18 [RMI TCP Connection(2)-10.0.75.1] INFO  o.a.c.c.C.[Tomcat].[localhost].[/] - Initializing Spring DispatcherServlet 'dispatcherServlet'
2022-12-09 15:35:18 [RMI TCP Connection(2)-10.0.75.1] INFO  o.s.web.servlet.DispatcherServlet - Initializing Servlet 'dispatcherServlet'
2022-12-09 15:35:18 [RMI TCP Connection(2)-10.0.75.1] INFO  o.s.web.servlet.DispatcherServlet - Completed initialization in 7 ms
2022-12-09 15:35:20 [RMI TCP Connection(3)-10.0.75.1] INFO  o.s.cloud.commons.util.InetUtils - Cannot determine local hostname
2022-12-09 15:35:29 [http-nio-8888-exec-1] INFO  o.s.cloud.commons.util.InetUtils - Cannot determine local hostname
2022-12-09 15:35:29 [http-nio-8888-exec-1] INFO  o.s.c.c.s.e.NativeEnvironmentRepository - Adding property source: file:/C:/Users/Lenovo/AppData/Local/Temp/config-repo-3929428712585023952/config-client-kafka_to_elastic.yml
2022-12-09 15:35:29 [http-nio-8888-exec-1] INFO  o.s.c.c.s.e.NativeEnvironmentRepository - Adding property source: file:/C:/Users/Lenovo/AppData/Local/Temp/config-repo-3929428712585023952/config-client.yml
2022-12-09 15:36:03 [http-nio-8888-exec-2] INFO  o.s.cloud.commons.util.InetUtils - Cannot determine local hostname
2022-12-09 15:36:03 [http-nio-8888-exec-2] INFO  o.s.c.c.s.e.NativeEnvironmentRepository - Adding property source: file:/C:/Users/Lenovo/AppData/Local/Temp/config-repo-3929428712585023952/config-client-twitter_to_kafka.yml
2022-12-09 15:36:03 [http-nio-8888-exec-2] INFO  o.s.c.c.s.e.NativeEnvironmentRepository - Adding property source: file:/C:/Users/Lenovo/AppData/Local/Temp/config-repo-3929428712585023952/config-client.yml
2022-12-09 15:36:45 [http-nio-8888-exec-4] INFO  o.s.cloud.commons.util.InetUtils - Cannot determine local hostname
2022-12-09 15:36:45 [http-nio-8888-exec-4] INFO  o.s.c.c.s.e.NativeEnvironmentRepository - Adding property source: file:/C:/Users/Lenovo/AppData/Local/Temp/config-repo-3929428712585023952/config-client-kafka_to_elastic.yml
2022-12-09 15:36:45 [http-nio-8888-exec-4] INFO  o.s.c.c.s.e.NativeEnvironmentRepository - Adding property source: file:/C:/Users/Lenovo/AppData/Local/Temp/config-repo-3929428712585023952/config-client.yml
2022-12-09 15:41:09 [http-nio-8888-exec-7] INFO  o.s.cloud.commons.util.InetUtils - Cannot determine local hostname
2022-12-09 15:41:09 [http-nio-8888-exec-7] INFO  o.s.c.c.s.e.NativeEnvironmentRepository - Adding property source: file:/C:/Users/Lenovo/AppData/Local/Temp/config-repo-3929428712585023952/config-client-kafka_to_elastic.yml
2022-12-09 15:41:09 [http-nio-8888-exec-7] INFO  o.s.c.c.s.e.NativeEnvironmentRepository - Adding property source: file:/C:/Users/Lenovo/AppData/Local/Temp/config-repo-3929428712585023952/config-client.yml
2022-12-09 15:45:06 [http-nio-8888-exec-9] INFO  o.s.cloud.commons.util.InetUtils - Cannot determine local hostname
2022-12-09 15:45:06 [http-nio-8888-exec-9] INFO  o.s.c.c.s.e.NativeEnvironmentRepository - Adding property source: file:/C:/Users/Lenovo/AppData/Local/Temp/config-repo-3929428712585023952/config-client-kafka_to_elastic.yml
2022-12-09 15:45:06 [http-nio-8888-exec-9] INFO  o.s.c.c.s.e.NativeEnvironmentRepository - Adding property source: file:/C:/Users/Lenovo/AppData/Local/Temp/config-repo-3929428712585023952/config-client.yml
2022-12-09 15:51:29 [http-nio-8888-exec-1] INFO  o.s.cloud.commons.util.InetUtils - Cannot determine local hostname
2022-12-09 15:51:29 [http-nio-8888-exec-1] INFO  o.s.c.c.s.e.NativeEnvironmentRepository - Adding property source: file:/C:/Users/Lenovo/AppData/Local/Temp/config-repo-3929428712585023952/config-client-kafka_to_elastic.yml
2022-12-09 15:51:29 [http-nio-8888-exec-1] INFO  o.s.c.c.s.e.NativeEnvironmentRepository - Adding property source: file:/C:/Users/Lenovo/AppData/Local/Temp/config-repo-3929428712585023952/config-client.yml
2022-12-09 16:00:08 [http-nio-8888-exec-3] INFO  o.s.cloud.commons.util.InetUtils - Cannot determine local hostname
2022-12-09 16:00:08 [http-nio-8888-exec-3] INFO  o.s.c.c.s.e.NativeEnvironmentRepository - Adding property source: file:/C:/Users/Lenovo/AppData/Local/Temp/config-repo-3929428712585023952/config-client-kafka_to_elastic.yml
2022-12-09 16:00:08 [http-nio-8888-exec-3] INFO  o.s.c.c.s.e.NativeEnvironmentRepository - Adding property source: file:/C:/Users/Lenovo/AppData/Local/Temp/config-repo-3929428712585023952/config-client.yml
2022-12-09 16:04:56 [http-nio-8888-exec-5] INFO  o.s.c.c.s.e.MultipleJGitEnvironmentRepository - Fetched for remote master and found 1 updates
2022-12-09 16:04:58 [http-nio-8888-exec-5] INFO  o.s.cloud.commons.util.InetUtils - Cannot determine local hostname
2022-12-09 16:04:58 [http-nio-8888-exec-5] INFO  o.s.c.c.s.e.NativeEnvironmentRepository - Adding property source: file:/C:/Users/Lenovo/AppData/Local/Temp/config-repo-3929428712585023952/config-client-kafka_to_elastic.yml
2022-12-09 16:04:58 [http-nio-8888-exec-5] INFO  o.s.c.c.s.e.NativeEnvironmentRepository - Adding property source: file:/C:/Users/Lenovo/AppData/Local/Temp/config-repo-3929428712585023952/config-client.yml
2022-12-09 16:05:43 [http-nio-8888-exec-7] INFO  o.s.cloud.commons.util.InetUtils - Cannot determine local hostname
2022-12-09 16:05:43 [http-nio-8888-exec-7] INFO  o.s.c.c.s.e.NativeEnvironmentRepository - Adding property source: file:/C:/Users/Lenovo/AppData/Local/Temp/config-repo-3929428712585023952/config-client-twitter_to_kafka.yml
2022-12-09 16:05:43 [http-nio-8888-exec-7] INFO  o.s.c.c.s.e.NativeEnvironmentRepository - Adding property source: file:/C:/Users/Lenovo/AppData/Local/Temp/config-repo-3929428712585023952/config-client.yml
2022-12-09 16:05:48 [Thread-3] WARN  o.s.c.c.s.e.MultipleJGitEnvironmentRepository - Failed to delete temporary directory on exit: java.nio.file.AccessDeniedException: C:\Users\Lenovo\AppData\Local\Temp\config-repo-3929428712585023952\.git\objects\pack\pack-8a3120abd0cd1742b0c8e8125e7a7e4524207713.idx
2022-12-09 16:05:48 [SpringContextShutdownHook] INFO  o.s.s.c.ThreadPoolTaskExecutor - Shutting down ExecutorService 'applicationTaskExecutor'
2022-12-09 16:06:04 [background-preinit] INFO  o.h.validator.internal.util.Version - HV000001: Hibernate Validator 6.1.5.Final
2022-12-09 16:06:05 [main] INFO  c.m.demo.server.ConfigServer - No active profile set, falling back to default profiles: default
2022-12-09 16:06:06 [main] INFO  o.s.cloud.context.scope.GenericScope - BeanFactory id=c5420960-cb4b-3f01-a040-5d97edee1dd2
2022-12-09 16:06:06 [main] INFO  o.s.b.w.e.tomcat.TomcatWebServer - Tomcat initialized with port(s): 8888 (http)
2022-12-09 16:06:06 [main] INFO  o.a.coyote.http11.Http11NioProtocol - Initializing ProtocolHandler ["http-nio-8888"]
2022-12-09 16:06:06 [main] INFO  o.a.catalina.core.StandardService - Starting service [Tomcat]
2022-12-09 16:06:06 [main] INFO  o.a.catalina.core.StandardEngine - Starting Servlet engine: [Apache Tomcat/9.0.38]
2022-12-09 16:06:06 [main] INFO  o.a.c.c.C.[Tomcat].[localhost].[/] - Initializing Spring embedded WebApplicationContext
2022-12-09 16:06:06 [main] INFO  o.s.b.w.s.c.ServletWebServerApplicationContext - Root WebApplicationContext: initialization completed in 947 ms
2022-12-09 16:06:07 [main] INFO  o.s.s.c.ThreadPoolTaskExecutor - Initializing ExecutorService 'applicationTaskExecutor'
2022-12-09 16:06:09 [main] INFO  o.s.cloud.commons.util.InetUtils - Cannot determine local hostname
2022-12-09 16:06:09 [main] INFO  o.s.b.a.e.web.EndpointLinksResolver - Exposing 2 endpoint(s) beneath base path '/actuator'
2022-12-09 16:06:09 [main] INFO  o.a.coyote.http11.Http11NioProtocol - Starting ProtocolHandler ["http-nio-8888"]
2022-12-09 16:06:09 [main] INFO  o.s.b.w.e.tomcat.TomcatWebServer - Tomcat started on port(s): 8888 (http) with context path ''
2022-12-09 16:06:10 [main] INFO  o.s.cloud.commons.util.InetUtils - Cannot determine local hostname
2022-12-09 16:06:10 [main] INFO  c.m.demo.server.ConfigServer - Started ConfigServer in 8.177 seconds (JVM running for 9.297)
2022-12-09 16:06:11 [RMI TCP Connection(2)-10.0.75.1] INFO  o.a.c.c.C.[Tomcat].[localhost].[/] - Initializing Spring DispatcherServlet 'dispatcherServlet'
2022-12-09 16:06:11 [RMI TCP Connection(2)-10.0.75.1] INFO  o.s.web.servlet.DispatcherServlet - Initializing Servlet 'dispatcherServlet'
2022-12-09 16:06:11 [RMI TCP Connection(2)-10.0.75.1] INFO  o.s.web.servlet.DispatcherServlet - Completed initialization in 7 ms
2022-12-09 16:06:14 [RMI TCP Connection(1)-10.0.75.1] INFO  o.s.cloud.commons.util.InetUtils - Cannot determine local hostname
2022-12-09 16:06:21 [http-nio-8888-exec-1] INFO  o.s.cloud.commons.util.InetUtils - Cannot determine local hostname
2022-12-09 16:06:21 [http-nio-8888-exec-1] INFO  o.s.c.c.s.e.NativeEnvironmentRepository - Adding property source: file:/C:/Users/Lenovo/AppData/Local/Temp/config-repo-17018710160330873812/config-client-twitter_to_kafka.yml
2022-12-09 16:06:21 [http-nio-8888-exec-1] INFO  o.s.c.c.s.e.NativeEnvironmentRepository - Adding property source: file:/C:/Users/Lenovo/AppData/Local/Temp/config-repo-17018710160330873812/config-client.yml
2022-12-09 16:06:51 [http-nio-8888-exec-2] INFO  o.s.cloud.commons.util.InetUtils - Cannot determine local hostname
2022-12-09 16:06:51 [http-nio-8888-exec-2] INFO  o.s.c.c.s.e.NativeEnvironmentRepository - Adding property source: file:/C:/Users/Lenovo/AppData/Local/Temp/config-repo-17018710160330873812/config-client-kafka_to_elastic.yml
2022-12-09 16:06:51 [http-nio-8888-exec-2] INFO  o.s.c.c.s.e.NativeEnvironmentRepository - Adding property source: file:/C:/Users/Lenovo/AppData/Local/Temp/config-repo-17018710160330873812/config-client.yml
2022-12-09 16:32:15 [Thread-3] WARN  o.s.c.c.s.e.MultipleJGitEnvironmentRepository - Failed to delete temporary directory on exit: java.nio.file.AccessDeniedException: C:\Users\Lenovo\AppData\Local\Temp\config-repo-17018710160330873812\.git\objects\pack\pack-30e4e1ea05dafff58dd1107f8d5c8f3a3052325d.idx
2022-12-09 16:32:15 [SpringContextShutdownHook] INFO  o.s.s.c.ThreadPoolTaskExecutor - Shutting down ExecutorService 'applicationTaskExecutor'
2022-12-09 16:32:28 [background-preinit] INFO  o.h.validator.internal.util.Version - HV000001: Hibernate Validator 6.1.5.Final
2022-12-09 16:32:30 [main] INFO  c.m.demo.server.ConfigServer - No active profile set, falling back to default profiles: default
2022-12-09 16:32:31 [main] INFO  o.s.cloud.context.scope.GenericScope - BeanFactory id=c5420960-cb4b-3f01-a040-5d97edee1dd2
2022-12-09 16:32:31 [main] INFO  o.s.b.w.e.tomcat.TomcatWebServer - Tomcat initialized with port(s): 8888 (http)
2022-12-09 16:32:31 [main] INFO  o.a.coyote.http11.Http11NioProtocol - Initializing ProtocolHandler ["http-nio-8888"]
2022-12-09 16:32:31 [main] INFO  o.a.catalina.core.StandardService - Starting service [Tomcat]
2022-12-09 16:32:31 [main] INFO  o.a.catalina.core.StandardEngine - Starting Servlet engine: [Apache Tomcat/9.0.38]
2022-12-09 16:32:31 [main] INFO  o.a.c.c.C.[Tomcat].[localhost].[/] - Initializing Spring embedded WebApplicationContext
2022-12-09 16:32:31 [main] INFO  o.s.b.w.s.c.ServletWebServerApplicationContext - Root WebApplicationContext: initialization completed in 979 ms
2022-12-09 16:32:31 [main] INFO  o.s.s.c.ThreadPoolTaskExecutor - Initializing ExecutorService 'applicationTaskExecutor'
2022-12-09 16:32:33 [main] INFO  o.s.cloud.commons.util.InetUtils - Cannot determine local hostname
2022-12-09 16:32:33 [main] INFO  o.s.b.a.e.web.EndpointLinksResolver - Exposing 2 endpoint(s) beneath base path '/actuator'
2022-12-09 16:32:33 [main] INFO  o.a.coyote.http11.Http11NioProtocol - Starting ProtocolHandler ["http-nio-8888"]
2022-12-09 16:32:33 [main] INFO  o.s.b.w.e.tomcat.TomcatWebServer - Tomcat started on port(s): 8888 (http) with context path ''
2022-12-09 16:32:34 [main] INFO  o.s.cloud.commons.util.InetUtils - Cannot determine local hostname
2022-12-09 16:32:34 [main] INFO  c.m.demo.server.ConfigServer - Started ConfigServer in 8.179 seconds (JVM running for 9.254)
2022-12-09 16:32:35 [RMI TCP Connection(3)-10.0.75.1] INFO  o.a.c.c.C.[Tomcat].[localhost].[/] - Initializing Spring DispatcherServlet 'dispatcherServlet'
2022-12-09 16:32:35 [RMI TCP Connection(3)-10.0.75.1] INFO  o.s.web.servlet.DispatcherServlet - Initializing Servlet 'dispatcherServlet'
2022-12-09 16:32:35 [RMI TCP Connection(3)-10.0.75.1] INFO  o.s.web.servlet.DispatcherServlet - Completed initialization in 6 ms
2022-12-09 16:32:38 [RMI TCP Connection(2)-10.0.75.1] INFO  o.s.cloud.commons.util.InetUtils - Cannot determine local hostname
2022-12-09 16:32:49 [http-nio-8888-exec-1] INFO  o.s.cloud.commons.util.InetUtils - Cannot determine local hostname
2022-12-09 16:32:49 [http-nio-8888-exec-1] INFO  o.s.c.c.s.e.NativeEnvironmentRepository - Adding property source: file:/C:/Users/Lenovo/AppData/Local/Temp/config-repo-8926049688540028690/config-client-kafka_to_elastic.yml
2022-12-09 16:32:49 [http-nio-8888-exec-1] INFO  o.s.c.c.s.e.NativeEnvironmentRepository - Adding property source: file:/C:/Users/Lenovo/AppData/Local/Temp/config-repo-8926049688540028690/config-client.yml
