2022-11-14 12:52:21 [main] INFO  c.m.d.t.t.k.s.TwitterToKafkaApplication - Starting TwitterToKafkaApplication using Java 1.8.0_231 on LAPTOP-86U4U8ED with PID 23604 (C:\Users\Lenovo\Documents\workspaceIDE\microservices-demo\twitter-to-kafka-service\target\classes started by Lenovo in C:\Users\Lenovo\Documents\workspaceIDE\microservices-demo)
2022-11-14 12:52:21 [main] INFO  c.m.d.t.t.k.s.TwitterToKafkaApplication - No active profile set, falling back to 1 default profile: "default"
2022-11-14 12:52:21 [main] INFO  c.m.d.t.t.k.s.TwitterToKafkaApplication - Started TwitterToKafkaApplication in 1.158 seconds (JVM running for 1.813)
2022-11-14 12:52:21 [main] INFO  c.m.d.t.t.k.s.TwitterToKafkaApplication - Start run ....
2022-11-14 12:54:30 [main] INFO  c.m.d.t.t.k.s.TwitterToKafkaApplication - Starting TwitterToKafkaApplication using Java 1.8.0_231 on LAPTOP-86U4U8ED with PID 13804 (C:\Users\Lenovo\Documents\workspaceIDE\microservices-demo\twitter-to-kafka-service\target\classes started by Lenovo in C:\Users\Lenovo\Documents\workspaceIDE\microservices-demo)
2022-11-14 12:54:30 [main] INFO  c.m.d.t.t.k.s.TwitterToKafkaApplication - No active profile set, falling back to 1 default profile: "default"
2022-11-14 12:54:31 [main] INFO  c.m.d.t.t.k.s.TwitterToKafkaApplication - Started TwitterToKafkaApplication in 1.143 seconds (JVM running for 1.717)
2022-11-14 12:54:31 [main] INFO  c.m.d.t.t.k.s.TwitterToKafkaApplication - Start run ....
2022-11-14 12:54:31 [main] INFO  c.m.d.t.t.k.s.TwitterToKafkaApplication - [Java, Microservices, Kafka, Elasticsearch]
2022-11-14 12:55:20 [main] INFO  c.m.d.t.t.k.s.TwitterToKafkaApplication - Starting TwitterToKafkaApplication using Java 1.8.0_231 on LAPTOP-86U4U8ED with PID 13420 (C:\Users\Lenovo\Documents\workspaceIDE\microservices-demo\twitter-to-kafka-service\target\classes started by Lenovo in C:\Users\Lenovo\Documents\workspaceIDE\microservices-demo)
2022-11-14 12:55:20 [main] INFO  c.m.d.t.t.k.s.TwitterToKafkaApplication - No active profile set, falling back to 1 default profile: "default"
2022-11-14 12:55:20 [main] INFO  c.m.d.t.t.k.s.TwitterToKafkaApplication - Started TwitterToKafkaApplication in 1.158 seconds (JVM running for 1.892)
2022-11-14 12:55:20 [main] INFO  c.m.d.t.t.k.s.TwitterToKafkaApplication - Start run ....
2022-11-14 12:55:20 [main] INFO  c.m.d.t.t.k.s.TwitterToKafkaApplication - [Java, Microservices, Kafka, Elasticsearch]
2022-11-14 12:59:34 [main] INFO  c.m.d.t.t.k.s.TwitterToKafkaApplication - Starting TwitterToKafkaApplication using Java 1.8.0_231 on LAPTOP-86U4U8ED with PID 2512 (C:\Users\Lenovo\Documents\workspaceIDE\microservices-demo\twitter-to-kafka-service\target\classes started by Lenovo in C:\Users\Lenovo\Documents\workspaceIDE\microservices-demo)
2022-11-14 12:59:34 [main] INFO  c.m.d.t.t.k.s.TwitterToKafkaApplication - No active profile set, falling back to 1 default profile: "default"
2022-11-14 12:59:35 [main] INFO  c.m.d.t.t.k.s.TwitterToKafkaApplication - Started TwitterToKafkaApplication in 1.206 seconds (JVM running for 1.838)
2022-11-14 12:59:35 [main] INFO  c.m.d.t.t.k.s.TwitterToKafkaApplication - Start run ....
2022-11-14 12:59:35 [main] INFO  c.m.d.t.t.k.s.TwitterToKafkaApplication - [Java, Microservices, Kafka, Elasticsearch]
2022-11-14 12:59:35 [main] INFO  c.m.d.t.t.k.s.TwitterToKafkaApplication - Hello microservices
2022-11-14 13:01:19 [main] INFO  c.m.d.t.t.k.s.TwitterToKafkaApplication - Starting TwitterToKafkaApplication using Java 1.8.0_231 on LAPTOP-86U4U8ED with PID 17872 (C:\Users\Lenovo\Documents\workspaceIDE\microservices-demo\twitter-to-kafka-service\target\classes started by Lenovo in C:\Users\Lenovo\Documents\workspaceIDE\microservices-demo)
2022-11-14 13:01:19 [main] INFO  c.m.d.t.t.k.s.TwitterToKafkaApplication - No active profile set, falling back to 1 default profile: "default"
2022-11-14 13:01:19 [main] INFO  c.m.d.t.t.k.s.TwitterToKafkaApplication - Started TwitterToKafkaApplication in 1.072 seconds (JVM running for 1.672)
2022-11-14 13:01:19 [main] INFO  c.m.d.t.t.k.s.TwitterToKafkaApplication - Start run ....
2022-11-14 13:01:19 [main] INFO  c.m.d.t.t.k.s.TwitterToKafkaApplication - [Java, Microservices, Kafka, Elasticsearch]
2022-11-14 13:01:19 [main] INFO  c.m.d.t.t.k.s.TwitterToKafkaApplication - Hello microservices
2022-11-14 21:22:42 [main] INFO  c.m.d.t.t.k.s.TwitterToKafkaApplication - Starting TwitterToKafkaApplication using Java 1.8.0_231 on LAPTOP-86U4U8ED with PID 19836 (C:\Users\Lenovo\Documents\workspaceIDE\microservices-demo\twitter-to-kafka-service\target\classes started by Lenovo in C:\Users\Lenovo\Documents\workspaceIDE\microservices-demo)
2022-11-14 21:22:42 [main] INFO  c.m.d.t.t.k.s.TwitterToKafkaApplication - No active profile set, falling back to 1 default profile: "default"
2022-11-14 21:22:43 [main] INFO  c.m.d.t.t.k.s.TwitterToKafkaApplication - Started TwitterToKafkaApplication in 1.58 seconds (JVM running for 2.48)
2022-11-14 21:22:43 [main] INFO  c.m.d.t.t.k.s.TwitterToKafkaApplication - Start run ....
2022-11-14 21:22:43 [main] INFO  c.m.d.t.t.k.s.TwitterToKafkaApplication - [Java, Microservices, Kafka, Elasticsearch]
2022-11-14 21:22:43 [main] INFO  c.m.d.t.t.k.s.TwitterToKafkaApplication - Hello microservices
2022-11-14 21:22:43 [main] INFO  o.s.b.a.l.ConditionEvaluationReportLoggingListener - 

Error starting ApplicationContext. To display the conditions report re-run your application with 'debug' enabled.
2022-11-14 21:22:43 [main] ERROR o.s.boot.SpringApplication - Application run failed
java.lang.IllegalStateException: Failed to execute CommandLineRunner
	at org.springframework.boot.SpringApplication.callRunner(SpringApplication.java:774)
	at org.springframework.boot.SpringApplication.callRunners(SpringApplication.java:755)
	at org.springframework.boot.SpringApplication.run(SpringApplication.java:315)
	at org.springframework.boot.SpringApplication.run(SpringApplication.java:1306)
	at org.springframework.boot.SpringApplication.run(SpringApplication.java:1295)
	at com.microservices.demo.twitter.to.kafka.service.TwitterToKafkaApplication.main(TwitterToKafkaApplication.java:30)
Caused by: java.lang.IllegalStateException: Authentication credentials are missing. See http://twitter4j.org/en/configuration.html for details. See and register at http://apps.twitter.com/
	at twitter4j.TwitterBaseImpl.ensureAuthorizationEnabled(TwitterBaseImpl.java:219)
	at twitter4j.TwitterStreamImpl.filter(TwitterStreamImpl.java:325)
	at com.microservices.demo.twitter.to.kafka.service.runner.impl.TwitterKafkaStreamRunner.addFilter(TwitterKafkaStreamRunner.java:47)
	at com.microservices.demo.twitter.to.kafka.service.runner.impl.TwitterKafkaStreamRunner.start(TwitterKafkaStreamRunner.java:34)
	at com.microservices.demo.twitter.to.kafka.service.TwitterToKafkaApplication.run(TwitterToKafkaApplication.java:38)
	at org.springframework.boot.SpringApplication.callRunner(SpringApplication.java:771)
	... 5 common frames omitted
2022-11-14 21:22:43 [main] INFO  c.m.d.t.t.k.s.r.i.TwitterKafkaStreamRunner - Closing twitter stream!
2022-11-14 21:24:30 [main] INFO  c.m.d.t.t.k.s.TwitterToKafkaApplication - Starting TwitterToKafkaApplication using Java 1.8.0_231 on LAPTOP-86U4U8ED with PID 20244 (C:\Users\Lenovo\Documents\workspaceIDE\microservices-demo\twitter-to-kafka-service\target\classes started by Lenovo in C:\Users\Lenovo\Documents\workspaceIDE\microservices-demo)
2022-11-14 21:24:30 [main] INFO  c.m.d.t.t.k.s.TwitterToKafkaApplication - No active profile set, falling back to 1 default profile: "default"
2022-11-14 21:24:31 [main] INFO  c.m.d.t.t.k.s.TwitterToKafkaApplication - Started TwitterToKafkaApplication in 1.643 seconds (JVM running for 2.527)
2022-11-14 21:24:31 [main] INFO  c.m.d.t.t.k.s.TwitterToKafkaApplication - Start run ....
2022-11-14 21:24:31 [main] INFO  c.m.d.t.t.k.s.TwitterToKafkaApplication - [Java, Microservices, Kafka, Elasticsearch]
2022-11-14 21:24:31 [main] INFO  c.m.d.t.t.k.s.TwitterToKafkaApplication - Hello microservices
2022-11-14 21:24:31 [Twitter Stream consumer /  [1][initializing]] INFO  twitter4j.TwitterStreamImpl - Establishing connection.
2022-11-14 21:24:31 [main] INFO  c.m.d.t.t.k.s.r.i.TwitterKafkaStreamRunner - Started filtering twitter for keywords [Java, Microservices, Kafka, Elasticsearch]
2022-11-14 21:24:35 [Twitter Stream consumer /  [1][Establishing connection]] INFO  twitter4j.TwitterStreamImpl - 403:The request is understood, but it has been refused. An accompanying error message will explain why. This code is used when requests are being denied due to update limits (https://support.twitter.com/articles/15364-about-twitter-limits-update-api-dm-and-following).
message - You currently have Essential access which includes access to Twitter API v2 endpoints only. If you need access to this endpoint, you’ll need to apply for Elevated access via the Developer Portal. You can learn more here: https://developer.twitter.com/en/docs/twitter-api/getting-started/about-twitter-api#v2-access-leve
code - 453

2022-11-14 21:24:35 [Twitter Stream consumer /  [1][Establishing connection]] WARN  twitter4j.TwitterStreamImpl - This account is not in required role. 403:The request is understood, but it has been refused. An accompanying error message will explain why. This code is used when requests are being denied due to update limits (https://support.twitter.com/articles/15364-about-twitter-limits-update-api-dm-and-following).
message - You currently have Essential access which includes access to Twitter API v2 endpoints only. If you need access to this endpoint, you’ll need to apply for Elevated access via the Developer Portal. You can learn more here: https://developer.twitter.com/en/docs/twitter-api/getting-started/about-twitter-api#v2-access-leve
code - 453

2022-11-14 21:24:35 [SpringApplicationShutdownHook] INFO  c.m.d.t.t.k.s.r.i.TwitterKafkaStreamRunner - Closing twitter stream!
